d:\dev\vs2013 version\handdetection\x64\release\vc140.pdb
d:\dev\vs2013 version\handdetection\x64\release\roi.obj
d:\dev\vs2013 version\handdetection\x64\release\neuronet.obj
d:\dev\vs2013 version\handdetection\x64\release\myimage.obj
d:\dev\vs2013 version\handdetection\x64\release\mouse.obj
d:\dev\vs2013 version\handdetection\x64\release\main.obj
d:\dev\vs2013 version\handdetection\x64\release\handgesture.obj
d:\dev\vs2013 version\x64\release\handdetection.exe
d:\dev\vs2013 version\x64\release\handdetection.ipdb
d:\dev\vs2013 version\x64\release\handdetection.iobj
d:\dev\vs2013 version\x64\release\handdetection.pdb
d:\dev\vs2013 version\handdetection\x64\release\handdetection.res
d:\dev\vs2013 version\handdetection\x64\release\handdetection.tlog\cl.command.1.tlog
d:\dev\vs2013 version\handdetection\x64\release\handdetection.tlog\cl.read.1.tlog
d:\dev\vs2013 version\handdetection\x64\release\handdetection.tlog\cl.write.1.tlog
d:\dev\vs2013 version\handdetection\x64\release\handdetection.tlog\link.command.1.tlog
d:\dev\vs2013 version\handdetection\x64\release\handdetection.tlog\link.read.1.tlog
d:\dev\vs2013 version\handdetection\x64\release\handdetection.tlog\link.write.1.tlog
d:\dev\vs2013 version\handdetection\x64\release\handdetection.tlog\rc.command.1.tlog
d:\dev\vs2013 version\handdetection\x64\release\handdetection.tlog\rc.read.1.tlog
d:\dev\vs2013 version\handdetection\x64\release\handdetection.tlog\rc.write.1.tlog
